This is pdfTeX, Version 3.14159265-2.6-1.40.16 (TeX Live 2015) (preloaded format=pdflatex 2015.5.24)  23 NOV 2019 17:00
entering extended mode
 restricted \write18 enabled.
 file:line:error style messages enabled.
 %&-line parsing enabled.
**main_v14.tex
(./main_v14.tex
LaTeX2e <2015/01/01>
Babel <3.9l> and hyphenation patterns for 79 languages loaded.
(/usr/local/texlive/2015/texmf-dist/tex/latex/base/article.cls
Document Class: article 2014/09/29 v1.4h Standard LaTeX document class
(/usr/local/texlive/2015/texmf-dist/tex/latex/base/size11.clo
File: size11.clo 2014/09/29 v1.4h Standard LaTeX file (size option)
)
\c@part=\count79
\c@section=\count80
\c@subsection=\count81
\c@subsubsection=\count82
\c@paragraph=\count83
\c@subparagraph=\count84
\c@figure=\count85
\c@table=\count86
\abovecaptionskip=\skip41
\belowcaptionskip=\skip42
\bibindent=\dimen102
) (./jmlr2e.sty
Document Style `jmlr' -- January 2016.
(/usr/local/texlive/2015/texmf-dist/tex/latex/graphics/epsfig.sty
Package: epsfig 1999/02/16 v1.7a (e)psfig emulation (SPQR)

(/usr/local/texlive/2015/texmf-dist/tex/latex/graphics/graphicx.sty
Package: graphicx 2014/10/28 v1.0g Enhanced LaTeX Graphics (DPC,SPQR)

(/usr/local/texlive/2015/texmf-dist/tex/latex/graphics/keyval.sty
Package: keyval 2014/10/28 v1.15 key=value parser (DPC)
\KV@toks@=\toks14
)
(/usr/local/texlive/2015/texmf-dist/tex/latex/graphics/graphics.sty
Package: graphics 2014/10/28 v1.0p Standard LaTeX Graphics (DPC,SPQR)

(/usr/local/texlive/2015/texmf-dist/tex/latex/graphics/trig.sty
Package: trig 1999/03/16 v1.09 sin cos tan (DPC)
)
(/usr/local/texlive/2015/texmf-dist/tex/latex/latexconfig/graphics.cfg
File: graphics.cfg 2010/04/23 v1.9 graphics configuration of TeX Live
)
Package graphics Info: Driver file: pdftex.def on input line 94.

(/usr/local/texlive/2015/texmf-dist/tex/latex/pdftex-def/pdftex.def
File: pdftex.def 2011/05/27 v0.06d Graphics/color for pdfTeX

(/usr/local/texlive/2015/texmf-dist/tex/generic/oberdiek/infwarerr.sty
Package: infwarerr 2010/04/08 v1.3 Providing info/warning/error messages (HO)
)
(/usr/local/texlive/2015/texmf-dist/tex/generic/oberdiek/ltxcmds.sty
Package: ltxcmds 2011/11/09 v1.22 LaTeX kernel commands for general use (HO)
)
\Gread@gobject=\count87
))
\Gin@req@height=\dimen103
\Gin@req@width=\dimen104
)
\epsfxsize=\dimen105
\epsfysize=\dimen106
)
(/usr/local/texlive/2015/texmf-dist/tex/latex/amsfonts/amssymb.sty
Package: amssymb 2013/01/14 v3.01 AMS font symbols

(/usr/local/texlive/2015/texmf-dist/tex/latex/amsfonts/amsfonts.sty
Package: amsfonts 2013/01/14 v3.01 Basic AMSFonts support
\@emptytoks=\toks15
\symAMSa=\mathgroup4
\symAMSb=\mathgroup5
LaTeX Font Info:    Overwriting math alphabet `\mathfrak' in version `bold'
(Font)                  U/euf/m/n --> U/euf/b/n on input line 106.
))
(/usr/local/texlive/2015/texmf-dist/tex/latex/amsmath/amsmath.sty
Package: amsmath 2013/01/14 v2.14 AMS math features
\@mathmargin=\skip43

For additional information on amsmath, use the `?' option.
(/usr/local/texlive/2015/texmf-dist/tex/latex/amsmath/amstext.sty
Package: amstext 2000/06/29 v2.01

(/usr/local/texlive/2015/texmf-dist/tex/latex/amsmath/amsgen.sty
File: amsgen.sty 1999/11/30 v2.0
\@emptytoks=\toks16
\ex@=\dimen107
))
(/usr/local/texlive/2015/texmf-dist/tex/latex/amsmath/amsbsy.sty
Package: amsbsy 1999/11/29 v1.2d
\pmbraise@=\dimen108
)
(/usr/local/texlive/2015/texmf-dist/tex/latex/amsmath/amsopn.sty
Package: amsopn 1999/12/14 v2.01 operator names
)
\inf@bad=\count88
LaTeX Info: Redefining \frac on input line 210.
\uproot@=\count89
\leftroot@=\count90
LaTeX Info: Redefining \overline on input line 306.
\classnum@=\count91
\DOTSCASE@=\count92
LaTeX Info: Redefining \ldots on input line 378.
LaTeX Info: Redefining \dots on input line 381.
LaTeX Info: Redefining \cdots on input line 466.
\Mathstrutbox@=\box26
\strutbox@=\box27
\big@size=\dimen109
LaTeX Font Info:    Redeclaring font encoding OML on input line 566.
LaTeX Font Info:    Redeclaring font encoding OMS on input line 567.
\macc@depth=\count93
\c@MaxMatrixCols=\count94
\dotsspace@=\muskip10
\c@parentequation=\count95
\dspbrk@lvl=\count96
\tag@help=\toks17
\row@=\count97
\column@=\count98
\maxfields@=\count99
\andhelp@=\toks18
\eqnshift@=\dimen110
\alignsep@=\dimen111
\tagshift@=\dimen112
\tagwidth@=\dimen113
\totwidth@=\dimen114
\lineht@=\dimen115
\@envbody=\toks19
\multlinegap=\skip44
\multlinetaggap=\skip45
\mathdisplay@stack=\toks20
LaTeX Info: Redefining \[ on input line 2665.
LaTeX Info: Redefining \] on input line 2666.
)
(/usr/local/texlive/2015/texmf-dist/tex/latex/caption/subcaption.sty
Package: subcaption 2013/02/03 v1.1-62 Sub-captions (AR)

(/usr/local/texlive/2015/texmf-dist/tex/latex/caption/caption.sty
Package: caption 2013/05/02 v3.3-89 Customizing captions (AR)

(/usr/local/texlive/2015/texmf-dist/tex/latex/caption/caption3.sty
Package: caption3 2013/05/02 v1.6-88 caption3 kernel (AR)
Package caption3 Info: TeX engine: e-TeX on input line 57.
\captionmargin=\dimen116
\captionmargin@=\dimen117
\captionwidth=\dimen118
\caption@tempdima=\dimen119
\caption@indent=\dimen120
\caption@parindent=\dimen121
\caption@hangindent=\dimen122
)
\c@ContinuedFloat=\count100
)
\c@subfigure=\count101
\c@subtable=\count102
)
(/usr/local/texlive/2015/texmf-dist/tex/latex/float/float.sty
Package: float 2001/11/08 v1.3d Float enhancements (AL)
\c@float@type=\count103
\float@exts=\toks21
\float@box=\box28
\@float@everytoks=\toks22
\@floatcapt=\box29
)
(/usr/local/texlive/2015/texmf-dist/tex/latex/tools/bm.sty
Package: bm 2014/10/28 v1.1c Bold Symbol Support (DPC/FMi)
\symboldoperators=\mathgroup6
\symboldletters=\mathgroup7
\symboldsymbols=\mathgroup8
LaTeX Font Info:    Redeclaring math alphabet \mathbf on input line 141.
LaTeX Info: Redefining \bm on input line 207.
)
(/usr/local/texlive/2015/texmf-dist/tex/latex/natbib/natbib.sty
Package: natbib 2010/09/13 8.31b (PWD, AO)
\bibhang=\skip46
\bibsep=\skip47
LaTeX Info: Redefining \cite on input line 694.
\c@NAT@ctr=\count104
)
(/usr/local/texlive/2015/texmf-dist/tex/latex/graphics/color.sty
Package: color 2014/10/28 v1.1a Standard LaTeX Color (DPC)

(/usr/local/texlive/2015/texmf-dist/tex/latex/latexconfig/color.cfg
File: color.cfg 2007/01/18 v1.5 color configuration of teTeX/TeXLive
)
Package color Info: Driver file: pdftex.def on input line 142.
)
(/usr/local/texlive/2015/texmf-dist/tex/latex/booktabs/booktabs.sty
Package: booktabs 2005/04/14 v1.61803 publication quality tables
\heavyrulewidth=\dimen123
\lightrulewidth=\dimen124
\cmidrulewidth=\dimen125
\belowrulesep=\dimen126
\belowbottomsep=\dimen127
\aboverulesep=\dimen128
\abovetopsep=\dimen129
\cmidrulesep=\dimen130
\cmidrulekern=\dimen131
\defaultaddspace=\dimen132
\@cmidla=\count105
\@cmidlb=\count106
\@aboverulesep=\dimen133
\@belowrulesep=\dimen134
\@thisruleclass=\count107
\@lastruleclass=\count108
\@thisrulewidth=\dimen135
)
(/usr/local/texlive/2015/texmf-dist/tex/latex/multirow/multirow.sty
\bigstrutjot=\dimen136
)
(/usr/local/texlive/2015/texmf-dist/tex/latex/enumitem/enumitem.sty
Package: enumitem 2011/09/28 v3.5.2 Customized lists
\labelindent=\skip48
\enit@outerparindent=\dimen137
\enit@toks=\toks23
\enit@inbox=\box30
\enitdp@description=\count109
)
(/usr/local/texlive/2015/texmf-dist/tex/latex/changes/changes.sty
Package: changes 2015/04/27 v2.0.4 changes package

*** changes package 2015/04/27 v2.0.4 ***
(/usr/local/texlive/2015/texmf-dist/tex/latex/xkeyval/xkeyval.sty
Package: xkeyval 2014/12/03 v2.7a package option processing (HA)

(/usr/local/texlive/2015/texmf-dist/tex/generic/xkeyval/xkeyval.tex
(/usr/local/texlive/2015/texmf-dist/tex/generic/xkeyval/xkvutils.tex
\XKV@toks=\toks24
\XKV@tempa@toks=\toks25
)
\XKV@depth=\count110
File: xkeyval.tex 2014/12/03 v2.7a key=value parser (HA)
))
(/usr/local/texlive/2015/texmf-dist/tex/latex/xifthen/xifthen.sty
Package: xifthen 2009/04/17 v1.3 Extended ifthen features

(/usr/local/texlive/2015/texmf-dist/tex/latex/etex-pkg/etex.sty
Package: etex 2015/03/02 v2.1 eTeX basic definition package (PEB,DPC)
\et@xins=\count111
)
(/usr/local/texlive/2015/texmf-dist/tex/latex/tools/calc.sty
Package: calc 2014/10/28 v4.3 Infix arithmetic (KKT,FJ)
\calc@Acount=\count112
\calc@Bcount=\count113
\calc@Adimen=\dimen138
\calc@Bdimen=\dimen139
\calc@Askip=\skip49
\calc@Bskip=\skip50
LaTeX Info: Redefining \setlength on input line 80.
LaTeX Info: Redefining \addtolength on input line 81.
\calc@Ccount=\count114
\calc@Cskip=\skip51
)
(/usr/local/texlive/2015/texmf-dist/tex/latex/base/ifthen.sty
Package: ifthen 2014/09/29 v1.1c Standard LaTeX ifthen package (DPC)
)
(/usr/local/texlive/2015/texmf-dist/tex/latex/ifmtarg/ifmtarg.sty
Package: ifmtarg 2009/09/02 v1.2a check for an empty argument
))
(/usr/local/texlive/2015/texmf-dist/tex/latex/xcolor/xcolor.sty
Package: xcolor 2007/01/21 v2.11 LaTeX color extensions (UK)

(/usr/local/texlive/2015/texmf-dist/tex/latex/latexconfig/color.cfg
File: color.cfg 2007/01/18 v1.5 color configuration of teTeX/TeXLive
)
Package xcolor Info: Driver file: pdftex.def on input line 225.
LaTeX Info: Redefining \color on input line 702.
Package xcolor Info: Model `cmy' substituted by `cmy0' on input line 1337.
Package xcolor Info: Model `hsb' substituted by `rgb' on input line 1341.
Package xcolor Info: Model `RGB' extended on input line 1353.
Package xcolor Info: Model `HTML' substituted by `rgb' on input line 1355.
Package xcolor Info: Model `Hsb' substituted by `hsb' on input line 1356.
Package xcolor Info: Model `tHsb' substituted by `hsb' on input line 1357.
Package xcolor Info: Model `HSB' substituted by `hsb' on input line 1358.
Package xcolor Info: Model `Gray' substituted by `gray' on input line 1359.
Package xcolor Info: Model `wave' substituted by `hsb' on input line 1360.
)
(/usr/local/texlive/2015/texmf-dist/tex/latex/oberdiek/pdfcolmk.sty
Package: pdfcolmk 2008/08/11 v1.2 Color support for pdfTeX via marks (HO)
Package pdfcolmk Info: The color stack of pdfTeX >= 1.40 is used. Therefore
(pdfcolmk)             this package is not necessary and not loaded.
)
(/usr/local/texlive/2015/texmf-dist/tex/generic/ulem/ulem.sty
\UL@box=\box31
\UL@hyphenbox=\box32
\UL@skip=\skip52
\UL@hook=\toks26
\UL@height=\dimen140
\UL@pe=\count115
\UL@pixel=\dimen141
\ULC@box=\box33
Package: ulem 2012/05/18
\ULdepth=\dimen142
)
\c@Changes@AuthorCount=\count116
\c@Changes@Author=\count117
\c@Changes@AddCount=\count118
\c@Changes@DeleteCount=\count119
\c@Changes@ReplaceCount=\count120

(/usr/local/texlive/2015/texmf-dist/tex/latex/truncate/truncate.sty
Package: truncate 2001/08/20  ver 3.6
\@Trunc@RestHyph=\toks27
)
\Changes@Len@summ=\skip53
)
(/usr/local/texlive/2015/texmf-dist/tex/latex/hyperref/hyperref.sty
Package: hyperref 2012/11/06 v6.83m Hypertext links for LaTeX

(/usr/local/texlive/2015/texmf-dist/tex/generic/oberdiek/hobsub-hyperref.sty
Package: hobsub-hyperref 2012/05/28 v1.13 Bundle oberdiek, subset hyperref (HO)


(/usr/local/texlive/2015/texmf-dist/tex/generic/oberdiek/hobsub-generic.sty
Package: hobsub-generic 2012/05/28 v1.13 Bundle oberdiek, subset generic (HO)
Package: hobsub 2012/05/28 v1.13 Construct package bundles (HO)
Package hobsub Info: Skipping package `infwarerr' (already loaded).
Package hobsub Info: Skipping package `ltxcmds' (already loaded).
Package: ifluatex 2010/03/01 v1.3 Provides the ifluatex switch (HO)
Package ifluatex Info: LuaTeX not detected.
Package: ifvtex 2010/03/01 v1.5 Detect VTeX and its facilities (HO)
Package ifvtex Info: VTeX not detected.
Package: intcalc 2007/09/27 v1.1 Expandable calculations with integers (HO)
Package: ifpdf 2011/01/30 v2.3 Provides the ifpdf switch (HO)
Package ifpdf Info: pdfTeX in PDF mode is detected.
Package: etexcmds 2011/02/16 v1.5 Avoid name clashes with e-TeX commands (HO)
Package etexcmds Info: Could not find \expanded.
(etexcmds)             That can mean that you are not using pdfTeX 1.50 or
(etexcmds)             that some package has redefined \expanded.
(etexcmds)             In the latter case, load this package earlier.
Package: kvsetkeys 2012/04/25 v1.16 Key value parser (HO)
Package: kvdefinekeys 2011/04/07 v1.3 Define keys (HO)
Package: pdftexcmds 2011/11/29 v0.20 Utility functions of pdfTeX for LuaTeX (HO
)
Package pdftexcmds Info: LuaTeX not detected.
Package pdftexcmds Info: \pdf@primitive is available.
Package pdftexcmds Info: \pdf@ifprimitive is available.
Package pdftexcmds Info: \pdfdraftmode found.
Package: pdfescape 2011/11/25 v1.13 Implements pdfTeX's escape features (HO)
Package: bigintcalc 2012/04/08 v1.3 Expandable calculations on big integers (HO
)
Package: bitset 2011/01/30 v1.1 Handle bit-vector datatype (HO)
Package: uniquecounter 2011/01/30 v1.2 Provide unlimited unique counter (HO)
)
Package hobsub Info: Skipping package `hobsub' (already loaded).
Package: letltxmacro 2010/09/02 v1.4 Let assignment for LaTeX macros (HO)
Package: hopatch 2012/05/28 v1.2 Wrapper for package hooks (HO)
Package: xcolor-patch 2011/01/30 xcolor patch
Package: atveryend 2011/06/30 v1.8 Hooks at the very end of document (HO)
Package atveryend Info: \enddocument detected (standard20110627).
Package: atbegshi 2011/10/05 v1.16 At begin shipout hook (HO)
Package: refcount 2011/10/16 v3.4 Data extraction from label references (HO)
Package: hycolor 2011/01/30 v1.7 Color options for hyperref/bookmark (HO)
)
(/usr/local/texlive/2015/texmf-dist/tex/generic/ifxetex/ifxetex.sty
Package: ifxetex 2010/09/12 v0.6 Provides ifxetex conditional
)
(/usr/local/texlive/2015/texmf-dist/tex/latex/oberdiek/auxhook.sty
Package: auxhook 2011/03/04 v1.3 Hooks for auxiliary files (HO)
)
(/usr/local/texlive/2015/texmf-dist/tex/latex/oberdiek/kvoptions.sty
Package: kvoptions 2011/06/30 v3.11 Key value format for package options (HO)
)
\@linkdim=\dimen143
\Hy@linkcounter=\count121
\Hy@pagecounter=\count122

(/usr/local/texlive/2015/texmf-dist/tex/latex/hyperref/pd1enc.def
File: pd1enc.def 2012/11/06 v6.83m Hyperref: PDFDocEncoding definition (HO)
)
\Hy@SavedSpaceFactor=\count123

(/usr/local/texlive/2015/texmf-dist/tex/latex/latexconfig/hyperref.cfg
File: hyperref.cfg 2002/06/06 v1.2 hyperref configuration of TeXLive
)
Package hyperref Info: Option `colorlinks' set `false' on input line 4319.
Package hyperref Info: Hyper figures OFF on input line 4443.
Package hyperref Info: Link nesting OFF on input line 4448.
Package hyperref Info: Hyper index ON on input line 4451.
Package hyperref Info: Plain pages OFF on input line 4458.
Package hyperref Info: Backreferencing OFF on input line 4463.
Package hyperref Info: Implicit mode ON; LaTeX internals redefined.
Package hyperref Info: Bookmarks ON on input line 4688.
\c@Hy@tempcnt=\count124

(/usr/local/texlive/2015/texmf-dist/tex/latex/url/url.sty
\Urlmuskip=\muskip11
Package: url 2013/09/16  ver 3.4  Verb mode for urls, etc.
)
LaTeX Info: Redefining \url on input line 5041.
\XeTeXLinkMargin=\dimen144
\Fld@menulength=\count125
\Field@Width=\dimen145
\Fld@charsize=\dimen146
Package hyperref Info: Hyper figures OFF on input line 6295.
Package hyperref Info: Link nesting OFF on input line 6300.
Package hyperref Info: Hyper index ON on input line 6303.
Package hyperref Info: backreferencing OFF on input line 6310.
Package hyperref Info: Link coloring OFF on input line 6315.
Package hyperref Info: Link coloring with OCG OFF on input line 6320.
Package hyperref Info: PDF/A mode OFF on input line 6325.
LaTeX Info: Redefining \ref on input line 6365.
LaTeX Info: Redefining \pageref on input line 6369.
\Hy@abspage=\count126
\c@Item=\count127
\c@Hfootnote=\count128
)

Package hyperref Message: Driver (autodetected): hpdftex.

(/usr/local/texlive/2015/texmf-dist/tex/latex/hyperref/hpdftex.def
File: hpdftex.def 2012/11/06 v6.83m Hyperref driver for pdfTeX
\Fld@listcount=\count129
\c@bookmark@seq@number=\count130

(/usr/local/texlive/2015/texmf-dist/tex/latex/oberdiek/rerunfilecheck.sty
Package: rerunfilecheck 2011/04/15 v1.7 Rerun checks for auxiliary files (HO)
Package uniquecounter Info: New unique counter `rerunfilecheck' on input line 2
82.
)
\Hy@SectionHShift=\skip54
)
\aftertitskip=\skip55
\beforetitskip=\skip56
\interauthorskip=\skip57
\aftermaketitskip=\skip58
\c@example=\count131
\c@theorem=\count132
)
(/usr/local/texlive/2015/texmf-dist/tex/latex/setspace/setspace.sty
Package: setspace 2011/12/19 v6.7a set line spacing
)
\c@Changes@AddCountKungang=\count133
\c@Changes@DeleteCountKungang=\count134
\c@Changes@ReplaceCountKungang=\count135
\c@Changes@AddCountAnh=\count136
\c@Changes@DeleteCountAnh=\count137
\c@Changes@ReplaceCountAnh=\count138
\c@Changes@AddCountApley=\count139
\c@Changes@DeleteCountApley=\count140
\c@Changes@ReplaceCountApley=\count141

(./main_v14.aux)
\openout1 = `main_v14.aux'.

LaTeX Font Info:    Checking defaults for OML/cmm/m/it on input line 36.
LaTeX Font Info:    ... okay on input line 36.
LaTeX Font Info:    Checking defaults for T1/cmr/m/n on input line 36.
LaTeX Font Info:    ... okay on input line 36.
LaTeX Font Info:    Checking defaults for OT1/cmr/m/n on input line 36.
LaTeX Font Info:    ... okay on input line 36.
LaTeX Font Info:    Checking defaults for OMS/cmsy/m/n on input line 36.
LaTeX Font Info:    ... okay on input line 36.
LaTeX Font Info:    Checking defaults for OMX/cmex/m/n on input line 36.
LaTeX Font Info:    ... okay on input line 36.
LaTeX Font Info:    Checking defaults for U/cmr/m/n on input line 36.
LaTeX Font Info:    ... okay on input line 36.
LaTeX Font Info:    Checking defaults for PD1/pdf/m/n on input line 36.
LaTeX Font Info:    ... okay on input line 36.

(/usr/local/texlive/2015/texmf-dist/tex/context/base/supp-pdf.mkii
[Loading MPS to PDF converter (version 2006.09.02).]
\scratchcounter=\count142
\scratchdimen=\dimen147
\scratchbox=\box34
\nofMPsegments=\count143
\nofMParguments=\count144
\everyMPshowfont=\toks28
\MPscratchCnt=\count145
\MPscratchDim=\dimen148
\MPnumerator=\count146
\makeMPintoPDFobject=\count147
\everyMPtoPDFconversion=\toks29
) (/usr/local/texlive/2015/texmf-dist/tex/latex/oberdiek/epstopdf-base.sty
Package: epstopdf-base 2010/02/09 v2.5 Base part for package epstopdf

(/usr/local/texlive/2015/texmf-dist/tex/latex/oberdiek/grfext.sty
Package: grfext 2010/08/19 v1.1 Manage graphics extensions (HO)
)
Package grfext Info: Graphics extension search list:
(grfext)             [.png,.pdf,.jpg,.mps,.jpeg,.jbig2,.jb2,.PNG,.PDF,.JPG,.JPE
G,.JBIG2,.JB2,.eps]
(grfext)             \AppendGraphicsExtensions on input line 452.

(/usr/local/texlive/2015/texmf-dist/tex/latex/latexconfig/epstopdf-sys.cfg
File: epstopdf-sys.cfg 2010/07/13 v1.3 Configuration of (r)epstopdf for TeX Liv
e
))
Package caption Info: Begin \AtBeginDocument code.
Package caption Info: float package is loaded.
Package caption Info: hyperref package is loaded.
Package caption Info: End \AtBeginDocument code.
\AtBeginShipoutBox=\box35
Package hyperref Info: Link coloring OFF on input line 36.

(/usr/local/texlive/2015/texmf-dist/tex/latex/hyperref/nameref.sty
Package: nameref 2012/10/27 v2.43 Cross-referencing by name of section

(/usr/local/texlive/2015/texmf-dist/tex/generic/oberdiek/gettitlestring.sty
Package: gettitlestring 2010/12/03 v1.4 Cleanup title references (HO)
)
\c@section@level=\count148
)
LaTeX Info: Redefining \ref on input line 36.
LaTeX Info: Redefining \pageref on input line 36.
LaTeX Info: Redefining \nameref on input line 36.

(./main_v14.out) (./main_v14.out)
\@outlinefile=\write3
\openout3 = `main_v14.out'.



./main_v14.tex:73: Package xkeyval Error: `comment' undefined in families `Chan
ges@replaced'.

See the xkeyval package documentation for explanation.
Type  H <return>  for immediate help.
 ...                                              
                                                  
l.73 ... learning models}{Machine learning models}
                                                   are widely adapted in man...

? 
./main_v14.tex:73: Emergency stop.
 ...                                              
                                                  
l.73 ... learning models}{Machine learning models}
                                                   are widely adapted in man...

Try typing  <return>  to proceed.
If that doesn't work, type  X <return>  to quit.

 
Here is how much of TeX's memory you used:
 9222 strings out of 493089
 138290 string characters out of 6134842
 251347 words of memory out of 5000000
 12559 multiletter control sequences out of 15000+600000
 6820 words of font info for 25 fonts, out of 8000000 for 9000
 1141 hyphenation exceptions out of 8191
 49i,2n,42p,3008b,139s stack positions out of 5000i,500n,10000p,200000b,80000s
./main_v14.tex:73:  ==> Fatal error occurred, no output PDF file produced!
4/04 v3.1.2 (3.1.2)

(/usr/local/texlive/2019/texmf-dist/tex/generic/pgf/frontendlayer/tikz/librarie
s/tikzlibraryfadings.code.tex
File: tikzlibraryfadings.code.tex 2019/04/04 v3.1.2 (3.1.2)

(/usr/local/texlive/2019/texmf-dist/tex/generic/pgf/libraries/pgflibraryfadings
.code.tex
File: pgflibraryfadings.code.tex 2019/04/04 v3.1.2 (3.1.2)
)))
\c@@todonotes@numberoftodonotes=\count141
)
\c@Changes@AuthorCount=\count142
\c@Changes@Author=\count143
\c@Changes@addedCount=\count144
\c@Changes@deletedCount=\count145
\c@Changes@replacedCount=\count146
\c@Changes@highlightCount=\count147
\c@Changes@commentCount=\count148
\c@authorcommentcount=\count149

(/usr/local/texlive/2019/texmf-dist/tex/latex/truncate/truncate.sty
Package: truncate 2001/08/20  ver 3.6
\@Trunc@RestHyph=\toks39
)
\Changes@truncate@width=\skip55
\Changes@summary@width=\skip56
)
(/usr/local/texlive/2019/texmf-dist/tex/latex/hyperref/hyperref.sty
Package: hyperref 2018/11/30 v6.88e Hypertext links for LaTeX

(/usr/local/texlive/2019/texmf-dist/tex/generic/oberdiek/hobsub-hyperref.sty
Package: hobsub-hyperref 2016/05/16 v1.14 Bundle oberdiek, subset hyperref (HO)


(/usr/local/texlive/2019/texmf-dist/tex/generic/oberdiek/hobsub-generic.sty
Package: hobsub-generic 2016/05/16 v1.14 Bundle oberdiek, subset generic (HO)
Package: hobsub 2016/05/16 v1.14 Construct package bundles (HO)
Package: infwarerr 2016/05/16 v1.4 Providing info/warning/error messages (HO)
Package: ltxcmds 2016/05/16 v1.23 LaTeX kernel commands for general use (HO)
Package: ifluatex 2016/05/16 v1.4 Provides the ifluatex switch (HO)
Package ifluatex Info: LuaTeX not detected.
Package: ifvtex 2016/05/16 v1.6 Detect VTeX and its facilities (HO)
Package ifvtex Info: VTeX not detected.
Package: intcalc 2016/05/16 v1.2 Expandable calculations with integers (HO)
Package: ifpdf 2018/09/07 v3.3 Provides the ifpdf switch
Package: etexcmds 2016/05/16 v1.6 Avoid name clashes with e-TeX commands (HO)
Package: kvsetkeys 2016/05/16 v1.17 Key value parser (HO)
Package: kvdefinekeys 2016/05/16 v1.4 Define keys (HO)
Package: pdftexcmds 2018/09/10 v0.29 Utility functions of pdfTeX for LuaTeX (HO
)
Package pdftexcmds Info: LuaTeX not detected.
Package pdftexcmds Info: \pdf@primitive is available.
Package pdftexcmds Info: \pdf@ifprimitive is available.
Package pdftexcmds Info: \pdfdraftmode found.
Package: pdfescape 2016/05/16 v1.14 Implements pdfTeX's escape features (HO)
Package: bigintcalc 2016/05/16 v1.4 Expandable calculations on big integers (HO
)
Package: bitset 2016/05/16 v1.2 Handle bit-vector datatype (HO)
Package: uniquecounter 2016/05/16 v1.3 Provide unlimited unique counter (HO)
)
Package hobsub Info: Skipping package `hobsub' (already loaded).
Package: letltxmacro 2016/05/16 v1.5 Let assignment for LaTeX macros (HO)
Package: hopatch 2016/05/16 v1.3 Wrapper for package hooks (HO)
Package: xcolor-patch 2016/05/16 xcolor patch
Package: atveryend 2016/05/16 v1.9 Hooks at the very end of document (HO)
Package atveryend Info: \enddocument detected (standard20110627).
Package: atbegshi 2016/06/09 v1.18 At begin shipout hook (HO)
Package: refcount 2016/05/16 v3.5 Data extraction from label references (HO)
Package: hycolor 2016/05/16 v1.8 Color options for hyperref/bookmark (HO)
)
(/usr/local/texlive/2019/texmf-dist/tex/generic/ifxetex/ifxetex.sty
Package: ifxetex 2010/09/12 v0.6 Provides ifxetex conditional
)
(/usr/local/texlive/2019/texmf-dist/tex/latex/oberdiek/auxhook.sty
Package: auxhook 2016/05/16 v1.4 Hooks for auxiliary files (HO)
)
(/usr/local/texlive/2019/texmf-dist/tex/latex/oberdiek/kvoptions.sty
Package: kvoptions 2016/05/16 v3.12 Key value format for package options (HO)
)
\@linkdim=\dimen189
\Hy@linkcounter=\count150
\Hy@pagecounter=\count151

(/usr/local/texlive/2019/texmf-dist/tex/latex/hyperref/pd1enc.def
File: pd1enc.def 2018/11/30 v6.88e Hyperref: PDFDocEncoding definition (HO)
Now handling font encoding PD1 ...
... no UTF-8 mapping file for font encoding PD1
)
\Hy@SavedSpaceFactor=\count152

(/usr/local/texlive/2019/texmf-dist/tex/latex/latexconfig/hyperref.cfg
File: hyperref.cfg 2002/06/06 v1.2 hyperref configuration of TeXLive
)
Package hyperref Info: Option `colorlinks' set `false' on input line 4393.
Package hyperref Info: Hyper figures OFF on input line 4519.
Package hyperref Info: Link nesting OFF on input line 4524.
Package hyperref Info: Hyper index ON on input line 4527.
Package hyperref Info: Plain pages OFF on input line 4534.
Package hyperref Info: Backreferencing OFF on input line 4539.
Package hyperref Info: Implicit mode ON; LaTeX internals redefined.
Package hyperref Info: Bookmarks ON on input line 4772.
\c@Hy@tempcnt=\count153

(/usr/local/texlive/2019/texmf-dist/tex/latex/url/url.sty
\Urlmuskip=\muskip11
Package: url 2013/09/16  ver 3.4  Verb mode for urls, etc.
)
LaTeX Info: Redefining \url on input line 5125.
\XeTeXLinkMargin=\dimen190
\Fld@menulength=\count154
\Field@Width=\dimen191
\Fld@charsize=\dimen192
Package hyperref Info: Hyper figures OFF on input line 6380.
Package hyperref Info: Link nesting OFF on input line 6385.
Package hyperref Info: Hyper index ON on input line 6388.
Package hyperref Info: backreferencing OFF on input line 6395.
Package hyperref Info: Link coloring OFF on input line 6400.
Package hyperref Info: Link coloring with OCG OFF on input line 6405.
Package hyperref Info: PDF/A mode OFF on input line 6410.
LaTeX Info: Redefining \ref on input line 6450.
LaTeX Info: Redefining \pageref on input line 6454.
\Hy@abspage=\count155
\c@Item=\count156
\c@Hfootnote=\count157
)
Package hyperref Info: Driver (autodetected): hpdftex.

(/usr/local/texlive/2019/texmf-dist/tex/latex/hyperref/hpdftex.def
File: hpdftex.def 2018/11/30 v6.88e Hyperref driver for pdfTeX
\Fld@listcount=\count158
\c@bookmark@seq@number=\count159

(/usr/local/texlive/2019/texmf-dist/tex/latex/oberdiek/rerunfilecheck.sty
Package: rerunfilecheck 2016/05/16 v1.8 Rerun checks for auxiliary files (HO)
Package uniquecounter Info: New unique counter `rerunfilecheck' on input line 2
82.
)
\Hy@SectionHShift=\skip57
)
\aftertitskip=\skip58
\beforetitskip=\skip59
\interauthorskip=\skip60
\aftermaketitskip=\skip61
\c@example=\count160
\c@theorem=\count161
)
(/usr/local/texlive/2019/texmf-dist/tex/latex/setspace/setspace.sty
Package: setspace 2011/12/19 v6.7a set line spacing
)
\c@Changes@addedCountKungang=\count162
\c@Changes@deletedCountKungang=\count163
\c@Changes@replacedCountKungang=\count164
\c@Changes@highlightCountKungang=\count165
\c@Changes@commentCountKungang=\count166
\c@Changes@addedCountAnh=\count167
\c@Changes@deletedCountAnh=\count168
\c@Changes@replacedCountAnh=\count169
\c@Changes@highlightCountAnh=\count170
\c@Changes@commentCountAnh=\count171
\c@Changes@addedCountApley=\count172
\c@Changes@deletedCountApley=\count173
\c@Changes@replacedCountApley=\count174
\c@Changes@highlightCountApley=\count175
\c@Changes@commentCountApley=\count176

(./main_v14.aux)
\openout1 = `main_v14.aux'.

LaTeX Font Info:    Checking defaults for OML/cmm/m/it on input line 38.
LaTeX Font Info:    ... okay on input line 38.
LaTeX Font Info:    Checking defaults for T1/cmr/m/n on input line 38.
LaTeX Font Info:    ... okay on input line 38.
LaTeX Font Info:    Checking defaults for OT1/cmr/m/n on input line 38.
LaTeX Font Info:    ... okay on input line 38.
LaTeX Font Info:    Checking defaults for OMS/cmsy/m/n on input line 38.
LaTeX Font Info:    ... okay on input line 38.
LaTeX Font Info:    Checking defaults for OMX/cmex/m/n on input line 38.
LaTeX Font Info:    ... okay on input line 38.
LaTeX Font Info:    Checking defaults for U/cmr/m/n on input line 38.
LaTeX Font Info:    ... okay on input line 38.
LaTeX Font Info:    Checking defaults for PD1/pdf/m/n on input line 38.
LaTeX Font Info:    ... okay on input line 38.

(/usr/local/texlive/2019/texmf-dist/tex/context/base/mkii/supp-pdf.mkii
[Loading MPS to PDF converter (version 2006.09.02).]
\scratchcounter=\count177
\scratchdimen=\dimen193
\scratchbox=\box46
\nofMPsegments=\count178
\nofMParguments=\count179
\everyMPshowfont=\toks40
\MPscratchCnt=\count180
\MPscratchDim=\dimen194
\MPnumerator=\count181
\makeMPintoPDFobject=\count182
\everyMPtoPDFconversion=\toks41
) (/usr/local/texlive/2019/texmf-dist/tex/latex/oberdiek/epstopdf-base.sty
Package: epstopdf-base 2016/05/15 v2.6 Base part for package epstopdf

(/usr/local/texlive/2019/texmf-dist/tex/latex/oberdiek/grfext.sty
Package: grfext 2016/05/16 v1.2 Manage graphics extensions (HO)
)
Package epstopdf-base Info: Redefining graphics rule for `.eps' on input line 4
38.
Package grfext Info: Graphics extension search list:
(grfext)             [.pdf,.png,.jpg,.mps,.jpeg,.jbig2,.jb2,.PDF,.PNG,.JPG,.JPE
G,.JBIG2,.JB2,.eps]
(grfext)             \AppendGraphicsExtensions on input line 456.

(/usr/local/texlive/2019/texmf-dist/tex/latex/latexconfig/epstopdf-sys.cfg
File: epstopdf-sys.cfg 2010/07/13 v1.3 Configuration of (r)epstopdf for TeX Liv
e
))
Package caption Info: Begin \AtBeginDocument code.
Package caption Info: float package is loaded.
Package caption Info: hyperref package is loaded.
Package caption Info: End \AtBeginDocument code.

ABD: EveryShipout initializing macros
\AtBeginShipoutBox=\box47
Package hyperref Info: Link coloring OFF on input line 38.

(/usr/local/texlive/2019/texmf-dist/tex/latex/hyperref/nameref.sty
Package: nameref 2016/05/21 v2.44 Cross-referencing by name of section

(/usr/local/texlive/2019/texmf-dist/tex/generic/oberdiek/gettitlestring.sty
Package: gettitlestring 2016/05/16 v1.5 Cleanup title references (HO)
)
\c@section@level=\count183
)
LaTeX Info: Redefining \ref on input line 38.
LaTeX Info: Redefining \pageref on input line 38.
LaTeX Info: Redefining \nameref on input line 38.

(./main_v14.out) (./main_v14.out)
\@outlinefile=\write4
\openout4 = `main_v14.out'.

LaTeX Font Info:    Try loading font information for U+msa on input line 75.

(/usr/local/texlive/2019/texmf-dist/tex/latex/amsfonts/umsa.fd
File: umsa.fd 2013/01/14 v3.01 AMS symbols A
)
LaTeX Font Info:    Try loading font information for U+msb on input line 75.

(/usr/local/texlive/2019/texmf-dist/tex/latex/amsfonts/umsb.fd
File: umsb.fd 2013/01/14 v3.01 AMS symbols B
)
Underfull \vbox (badness 2368) has occurred while \output is active []

LaTeX Font Info:    Try loading font information for OMS+cmr on input line 76.

(/usr/local/texlive/2019/texmf-dist/tex/latex/base/omscmr.fd
File: omscmr.fd 2014/09/29 v2.5h Standard LaTeX font definitions
)
LaTeX Font Info:    Font shape `OMS/cmr/m/n' in size <8> not available
(Font)              Font shape `OMS/cmsy/m/n' tried instead on input line 76.
 [1{/usr/local/texlive/2019/texmf-var/fonts/map/pdftex/updmap/pdftex.map}

]
LaTeX Font Info:    Font shape `OMS/cmr/m/n' in size <10.95> not available
(Font)              Font shape `OMS/cmsy/m/n' tried instead on input line 122.

Underfull \vbox (badness 5231) has occurred while \output is active []

 [2]
Overfull \hbox (101.2548pt too wide) in paragraph at lines 130--131
[]|   []   |   []   |   []   |   []   |   []   |   []   |   []   |   []   |   [
]   |   []   |   []   |   []   |   []
 []


Overfull \hbox (22.37709pt too wide) in paragraph at lines 130--131
|   []   |   []   |   []   |   []   |   []   |   []
 []


Underfull \vbox (badness 10000) has occurred while \output is active []

 [3]
Overfull \hbox (3.92429pt too wide) in paragraph at lines 148--148
[][]\OT1/cmr/bx/n/10.95 [Kungang 1] 
 []


Overfull \hbox (3.92429pt too wide) in paragraph at lines 148--148
[][]\OT1/cmr/bx/n/10.95 [Kungang 1] 
 []

[4]
Overfull \hbox (472.73683pt too wide) in paragraph at lines 172--175
|   []
 []


Underfull \vbox (badness 10000) has occurred while \output is active []

 [5]
Overfull \hbox (3.92429pt too wide) in paragraph at lines 181--181
[][]\OT1/cmr/bx/n/10.95 [Kungang 2] 
 []


Overfull \hbox (3.92429pt too wide) in paragraph at lines 181--181
[][]\OT1/cmr/bx/n/10.95 [Kungang 2] 
 []

[6]
Overfull \hbox (3.92429pt too wide) in paragraph at lines 190--190
[][]\OT1/cmr/bx/n/10.95 [Kungang 3] 
 []


Overfull \hbox (3.92429pt too wide) in paragraph at lines 190--190
[][]\OT1/cmr/bx/n/10.95 [Kungang 3] 
 []


Overfull \hbox (6.96596pt too wide) in paragraph at lines 190--191
|   []   |   []   |   []   |   []   |   []   |   []   |   []   |   []   |   [] 
  |   []   |   []   |   []
 []


Underfull \vbox (badness 3078) has occurred while \output is active []

 [7]
Overfull \hbox (4.01561pt too wide) in paragraph at lines 193--194
\OT1/cmr/m/n/10.95 am-ples in-clude DDM ([]Gama et al.[] ([]2004[])), EDDM ([]B
aena-Garc^^Pa et al.[] ([]2006[])), ECDD ([]Ross
 []


Underfull \vbox (badness 10000) has occurred while \output is active []

 [8]
Overfull \hbox (3.92429pt too wide) in paragraph at lines 203--203
[][]\OT1/cmr/bx/n/10.95 [Kungang 4] 
 []


Overfull \hbox (3.92429pt too wide) in paragraph at lines 203--203
[][]\OT1/cmr/bx/n/10.95 [Kungang 4] 
 []


Underfull \vbox (badness 2197) has occurred while \output is active []

 [9]
Overfull \hbox (42.8843pt too wide) in paragraph at lines 239--245
|   []   |   []   |   []   |   []   |   []   |   []   |   []   |   []   |   [] 
  |   []   |   []   |   []
 []


Underfull \vbox (badness 10000) has occurred while \output is active []

 [10]
Overfull \hbox (11.32524pt too wide) in paragraph at lines 294--295
[]\OT1/cmr/m/n/10.95 In su-per-vised learn-ing, given a like-li-hood func-tion,
 con-sis-tent es-ti-ma-tors, $[]$ (e.g. maximum-
 []


Underfull \vbox (badness 10000) has occurred while \output is active []

 [11]
Underfull \vbox (badness 8170) has occurred while \output is active []

 [12]
Underfull \vbox (badness 3019) has occurred while \output is active []

 [13]
<../figures/v14/flow_chart/Retrospective.pdf, id=338, 578.16pt x 325.215pt>
File: ../figures/v14/flow_chart/Retrospective.pdf Graphic file (type pdf)
<use ../figures/v14/flow_chart/Retrospective.pdf>
Package pdftex.def Info: ../figures/v14/flow_chart/Retrospective.pdf  used on i
nput line 336.
(pdftex.def)             Requested size: 212.47617pt x 119.51382pt.
<../figures/v14/flow_chart/Monitoring.pdf, id=339, 578.16pt x 325.215pt>
File: ../figures/v14/flow_chart/Monitoring.pdf Graphic file (type pdf)
<use ../figures/v14/flow_chart/Monitoring.pdf>
Package pdftex.def Info: ../figures/v14/flow_chart/Monitoring.pdf  used on inpu
t line 342.
(pdftex.def)             Requested size: 212.47617pt x 119.51382pt.
<../figures/v14/flow_chart/Diagnose.pdf, id=340, 578.16pt x 325.215pt>
File: ../figures/v14/flow_chart/Diagnose.pdf Graphic file (type pdf)
<use ../figures/v14/flow_chart/Diagnose.pdf>
Package pdftex.def Info: ../figures/v14/flow_chart/Diagnose.pdf  used on input 
line 348.
(pdftex.def)             Requested size: 212.47617pt x 119.51382pt.

[14]
Overfull \hbox (3.92429pt too wide) in paragraph at lines 359--359
[][]\OT1/cmr/bx/n/10.95 [Kungang 5] 
 []


Overfull \hbox (3.92429pt too wide) in paragraph at lines 359--359
[][]\OT1/cmr/bx/n/10.95 [Kungang 5] 
 []

<../figures/v14/demons_fig/2D_logi_orig.pdf, id=347, 722.7pt x 361.35pt>
File: ../figures/v14/demons_fig/2D_logi_orig.pdf Graphic file (type pdf)
<use ../figures/v14/demons_fig/2D_logi_orig.pdf>
Package pdftex.def Info: ../figures/v14/demons_fig/2D_logi_orig.pdf  used on in
put line 364.
(pdftex.def)             Requested size: 173.44534pt x 86.72025pt.
<../figures/v14/demons_fig/2D_logi_cd.pdf, id=348, 722.7pt x 361.35pt>
File: ../figures/v14/demons_fig/2D_logi_cd.pdf Graphic file (type pdf)
<use ../figures/v14/demons_fig/2D_logi_cd.pdf>
Package pdftex.def Info: ../figures/v14/demons_fig/2D_logi_cd.pdf  used on inpu
t line 370.
(pdftex.def)             Requested size: 173.44534pt x 86.72025pt.
<../figures/v14/demons_fig/2D_logi.pdf, id=349, 722.7pt x 361.35pt>
File: ../figures/v14/demons_fig/2D_logi.pdf Graphic file (type pdf)
<use ../figures/v14/demons_fig/2D_logi.pdf>
Package pdftex.def Info: ../figures/v14/demons_fig/2D_logi.pdf  used on input l
ine 378.
(pdftex.def)             Requested size: 260.17464pt x 130.08589pt.

Underfull \vbox (badness 10000) has occurred while \output is active []

 [15]
[16 <../figures/v14/flow_chart/Retrospective.pdf> <../figures/v14/flow_chart/Mo
nitoring.pdf> <../figures/v14/flow_chart/Diagnose.pdf>] [17 <../figures/v14/dem
ons_fig/2D_logi_orig.pdf> <../figures/v14/demons_fig/2D_logi_cd.pdf

pdfTeX warning: /Library/TeX/texbin/pdflatex (file ../figures/v14/demons_fig/2D
_logi_cd.pdf): PDF inclusion: multiple pdfs with page group included in a singl
e page
> <../figures/v14/demons_fig/2D_logi.pdf

pdfTeX warning: /Library/TeX/texbin/pdflatex (file ../figures/v14/demons_fig/2D
_logi.pdf): PDF inclusion: multiple pdfs with page group included in a single p
age
>]
<../figures/v14/demons_fig/2D_err_logi.pdf, id=584, 722.7pt x 361.35pt>
File: ../figures/v14/demons_fig/2D_err_logi.pdf Graphic file (type pdf)
<use ../figures/v14/demons_fig/2D_err_logi.pdf>
Package pdftex.def Info: ../figures/v14/demons_fig/2D_err_logi.pdf  used on inp
ut line 397.
(pdftex.def)             Requested size: 212.47617pt x 106.23892pt.
<../figures/v14/demons_fig/2D_score_logi.pdf, id=585, 722.7pt x 361.35pt>
File: ../figures/v14/demons_fig/2D_score_logi.pdf Graphic file (type pdf)
<use ../figures/v14/demons_fig/2D_score_logi.pdf>
Package pdftex.def Info: ../figures/v14/demons_fig/2D_score_logi.pdf  used on i
nput line 409.
(pdftex.def)             Requested size: 212.47617pt x 106.23892pt.

Underfull \vbox (badness 1383) has occurred while \output is active []

 [18 <../figures/v14/demons_fig/2D_err_logi.pdf> <../figures/v14/demons_fig/2D_
score_logi.pdf

pdfTeX warning: /Library/TeX/texbin/pdflatex (file ../figures/v14/demons_fig/2D
_score_logi.pdf): PDF inclusion: multiple pdfs with page group included in a si
ngle page
>]
<../figures/v14/demons_fig/3D_logistic_surface_intersection.png, id=671, 2409.0
pt x 2107.875pt>
File: ../figures/v14/demons_fig/3D_logistic_surface_intersection.png Graphic fi
le (type png)
<use ../figures/v14/demons_fig/3D_logistic_surface_intersection.png>
Package pdftex.def Info: ../figures/v14/demons_fig/3D_logistic_surface_intersec
tion.png  used on input line 434.
(pdftex.def)             Requested size: 216.81pt x 189.70056pt.

Overfull \hbox (3.92429pt too wide) in paragraph at lines 445--445
[][]\OT1/cmr/bx/n/10.95 [Kungang 6] 
 []


Overfull \hbox (3.92429pt too wide) in paragraph at lines 445--445
[][]\OT1/cmr/bx/n/10.95 [Kungang 6] 
 []

[19 <../figures/v14/demons_fig/3D_logistic_surface_intersection.png>]
Overfull \hbox (19.00499pt too wide) in paragraph at lines 460--462
\OT1/cmr/m/n/10.95 where the ex-pec-ta-tion with-out sub-script is w.r.t to $\O
ML/cmm/b/it/10.95 X$\OT1/cmr/m/n/10.95 . It is known that $\OML/cmm/m/it/10.95 
Var\OT1/cmr/m/n/10.95 [\OML/cmm/m/it/10.95 y\OT1/cmr/m/n/10.95 ] = \OML/cmm/m/i
t/10.95 a\OT1/cmr/m/n/10.95 (\OML/cmm/m/it/10.95 ^^^\OT1/cmr/m/n/10.95 )\OML/cm
m/m/it/10.95 b[]\OT1/cmr/m/n/10.95 (\OML/cmm/m/it/10.95  \OT1/cmr/m/n/10.95 (\O
ML/cmm/b/it/10.95 ^^R[]\OT1/cmr/m/n/10.95 ))$
 []


Underfull \vbox (badness 10000) has occurred while \output is active []

 [20]
Underfull \vbox (badness 10000) has occurred while \output is active []

 [21]
Underfull \vbox (badness 10000) has occurred while \output is active []

 [22]
Underfull \vbox (badness 10000) has occurred while \output is active []

 [23]
Underfull \vbox (badness 10000) has occurred while \output is active []

 [24]
<../figures/v14/sim_11/non_nnet_unif_ch_f_trans/1_sim11_logi_1e-08_0_0015_1.pdf
, id=720, 722.7pt x 578.16pt>
File: ../figures/v14/sim_11/non_nnet_unif_ch_f_trans/1_sim11_logi_1e-08_0_0015_
1.pdf Graphic file (type pdf)
<use ../figures/v14/sim_11/non_nnet_unif_ch_f_trans/1_sim11_logi_1e-08_0_0015_1
.pdf>
Package pdftex.def Info: ../figures/v14/sim_11/non_nnet_unif_ch_f_trans/1_sim11
_logi_1e-08_0_0015_1.pdf  used on input line 585.
(pdftex.def)             Requested size: 212.47617pt x 114.73792pt.
<../figures/v14/sim_11/non_nnet_unif_ch_f_trans_followup/1_sim11_logi_1e-08_0_0
015_1.pdf, id=722, 722.7pt x 578.16pt>
File: ../figures/v14/sim_11/non_nnet_unif_ch_f_trans_followup/1_sim11_logi_1e-0
8_0_0015_1.pdf Graphic file (type pdf)
<use ../figures/v14/sim_11/non_nnet_unif_ch_f_trans_followup/1_sim11_logi_1e-08
_0_0015_1.pdf>
Package pdftex.def Info: ../figures/v14/sim_11/non_nnet_unif_ch_f_trans_followu
p/1_sim11_logi_1e-08_0_0015_1.pdf  used on input line 591.
(pdftex.def)             Requested size: 212.47617pt x 114.73792pt.


Package hyperref Warning: Token not allowed in a PDF string (PDFDocEncoding):
(hyperref)                removing `math shift' on input line 602.


Package hyperref Warning: Token not allowed in a PDF string (PDFDocEncoding):
(hyperref)                removing `math shift' on input line 602.


Underfull \vbox (badness 10000) has occurred while \output is active []

 [25]
<../figures/v14/sim_2/reg/neg_single_3_sim2_mlines_with_regu_1e-08_0_005.pdf, i
d=741, 867.24pt x 542.025pt>
File: ../figures/v14/sim_2/reg/neg_single_3_sim2_mlines_with_regu_1e-08_0_005.p
df Graphic file (type pdf)
<use ../figures/v14/sim_2/reg/neg_single_3_sim2_mlines_with_regu_1e-08_0_005.pd
f>
Package pdftex.def Info: ../figures/v14/sim_2/reg/neg_single_3_sim2_mlines_with
_regu_1e-08_0_005.pdf  used on input line 812.
(pdftex.def)             Requested size: 260.17464pt x 162.60875pt.

Underfull \vbox (badness 10000) has occurred while \output is active []

 [26 <../figures/v14/sim_11/non_nnet_unif_ch_f_trans/1_sim11_logi_1e-08_0_0015_
1.pdf> <../figures/v14/sim_11/non_nnet_unif_ch_f_trans_followup/1_sim11_logi_1e
-08_0_0015_1.pdf>]
<../figures/v14/sim_2/reg/3_sim2_lin_1e-08_0_005_1.pdf, id=851, 722.7pt x 578.1
6pt>
File: ../figures/v14/sim_2/reg/3_sim2_lin_1e-08_0_005_1.pdf Graphic file (type 
pdf)
<use ../figures/v14/sim_2/reg/3_sim2_lin_1e-08_0_005_1.pdf>
Package pdftex.def Info: ../figures/v14/sim_2/reg/3_sim2_lin_1e-08_0_005_1.pdf 
 used on input line 820.
(pdftex.def)             Requested size: 260.17464pt x 140.49261pt.
 [27] [28]
Underfull \vbox (badness 10000) has occurred while \output is active []

 [29]
[30 <../figures/v14/sim_2/reg/3_sim2_lin_1e-08_0_005_1.pdf> <../figures/v14/sim
_2/reg/neg_single_3_sim2_mlines_with_regu_1e-08_0_005.pdf

pdfTeX warning: /Library/TeX/texbin/pdflatex (file ../figures/v14/sim_2/reg/neg
_single_3_sim2_mlines_with_regu_1e-08_0_005.pdf): PDF inclusion: multiple pdfs 
with page group included in a single page
>] [31]
<../figures/v14/sim_4/reg/PII_neg_single_1_sim4_mlines_with_regu_1e-08_0_005.pd
f, id=992, 722.7pt x 722.7pt>
File: ../figures/v14/sim_4/reg/PII_neg_single_1_sim4_mlines_with_regu_1e-08_0_0
05.pdf Graphic file (type pdf)
<use ../figures/v14/sim_4/reg/PII_neg_single_1_sim4_mlines_with_regu_1e-08_0_00
5.pdf>
Package pdftex.def Info: ../figures/v14/sim_4/reg/PII_neg_single_1_sim4_mlines_
with_regu_1e-08_0_005.pdf  used on input line 837.
(pdftex.def)             Requested size: 173.44534pt x 173.4405pt.
<../figures/v14/sim_4/reg/PII_neg_single_1_sim4_fisher_mlines_with_regu_1e-08_0
_005.pdf, id=993, 722.7pt x 722.7pt>
File: ../figures/v14/sim_4/reg/PII_neg_single_1_sim4_fisher_mlines_with_regu_1e
-08_0_005.pdf Graphic file (type pdf)
<use ../figures/v14/sim_4/reg/PII_neg_single_1_sim4_fisher_mlines_with_regu_1e-
08_0_005.pdf>
Package pdftex.def Info: ../figures/v14/sim_4/reg/PII_neg_single_1_sim4_fisher_
mlines_with_regu_1e-08_0_005.pdf  used on input line 838.
(pdftex.def)             Requested size: 173.44534pt x 173.4405pt.
<../figures/v14/sim_6/reg/PII_neg_single_1_sim6_mlines_with_regu_1e-08_0_005.pd
f, id=996, 722.7pt x 722.7pt>
File: ../figures/v14/sim_6/reg/PII_neg_single_1_sim6_mlines_with_regu_1e-08_0_0
05.pdf Graphic file (type pdf)
<use ../figures/v14/sim_6/reg/PII_neg_single_1_sim6_mlines_with_regu_1e-08_0_00
5.pdf>
Package pdftex.def Info: ../figures/v14/sim_6/reg/PII_neg_single_1_sim6_mlines_
with_regu_1e-08_0_005.pdf  used on input line 853.
(pdftex.def)             Requested size: 173.44534pt x 173.4405pt.
<../figures/v14/sim_6/reg/PII_neg_single_1_sim6_fisher_mlines_with_regu_1e-08_0
_005.pdf, id=997, 722.7pt x 722.7pt>
File: ../figures/v14/sim_6/reg/PII_neg_single_1_sim6_fisher_mlines_with_regu_1e
-08_0_005.pdf Graphic file (type pdf)
<use ../figures/v14/sim_6/reg/PII_neg_single_1_sim6_fisher_mlines_with_regu_1e-
08_0_005.pdf>
Package pdftex.def Info: ../figures/v14/sim_6/reg/PII_neg_single_1_sim6_fisher_
mlines_with_regu_1e-08_0_005.pdf  used on input line 854.
(pdftex.def)             Requested size: 173.44534pt x 173.4405pt.
<../figures/v14/sim_6/reg/1_sim6_lin_1e-08_0_005_1.pdf, id=999, 867.24pt x 578.
16pt>
File: ../figures/v14/sim_6/reg/1_sim6_lin_1e-08_0_005_1.pdf Graphic file (type 
pdf)
<use ../figures/v14/sim_6/reg/1_sim6_lin_1e-08_0_005_1.pdf>
Package pdftex.def Info: ../figures/v14/sim_6/reg/1_sim6_lin_1e-08_0_005_1.pdf 
 used on input line 865.
(pdftex.def)             Requested size: 260.17464pt x 117.07817pt.
 [32 <../figures/v14/sim_4/reg/PII_neg_single_1_sim4_mlines_with_regu_1e-08_0_0
05.pdf> <../figures/v14/sim_4/reg/PII_neg_single_1_sim4_fisher_mlines_with_regu
_1e-08_0_005.pdf

pdfTeX warning: /Library/TeX/texbin/pdflatex (file ../figures/v14/sim_4/reg/PII
_neg_single_1_sim4_fisher_mlines_with_regu_1e-08_0_005.pdf): PDF inclusion: mul
tiple pdfs with page group included in a single page
>]
Underfull \vbox (badness 10000) has occurred while \output is active []

 [33 <../figures/v14/sim_6/reg/1_sim6_lin_1e-08_0_005_1.pdf> <../figures/v14/si
m_6/reg/PII_neg_single_1_sim6_mlines_with_regu_1e-08_0_005.pdf

pdfTeX warning: /Library/TeX/texbin/pdflatex (file ../figures/v14/sim_6/reg/PII
_neg_single_1_sim6_mlines_with_regu_1e-08_0_005.pdf): PDF inclusion: multiple p
dfs with page group included in a single page
> <../figures/v14/sim_6/reg/PII_neg_single_1_sim6_fisher_mlines_with_regu_1e-08
_0_005.pdf

pdfTeX warning: /Library/TeX/texbin/pdflatex (file ../figures/v14/sim_6/reg/PII
_neg_single_1_sim6_fisher_mlines_with_regu_1e-08_0_005.pdf): PDF inclusion: mul
tiple pdfs with page group included in a single page
>]
<../figures/v14/sim_5/logi_no_muco/PII_pos_single_1_sim5_mlines_with_regu_1e-08
_0_005.pdf, id=1286, 722.7pt x 722.7pt>
File: ../figures/v14/sim_5/logi_no_muco/PII_pos_single_1_sim5_mlines_with_regu_
1e-08_0_005.pdf Graphic file (type pdf)
<use ../figures/v14/sim_5/logi_no_muco/PII_pos_single_1_sim5_mlines_with_regu_1
e-08_0_005.pdf>
Package pdftex.def Info: ../figures/v14/sim_5/logi_no_muco/PII_pos_single_1_sim
5_mlines_with_regu_1e-08_0_005.pdf  used on input line 880.
(pdftex.def)             Requested size: 173.44534pt x 173.4405pt.
<../figures/v14/sim_5/logi_no_muco/PII_pos_single_1_sim5_fisher_mlines_with_reg
u_1e-08_0_005.pdf, id=1287, 722.7pt x 722.7pt>
File: ../figures/v14/sim_5/logi_no_muco/PII_pos_single_1_sim5_fisher_mlines_wit
h_regu_1e-08_0_005.pdf Graphic file (type pdf)
<use ../figures/v14/sim_5/logi_no_muco/PII_pos_single_1_sim5_fisher_mlines_with
_regu_1e-08_0_005.pdf>
Package pdftex.def Info: ../figures/v14/sim_5/logi_no_muco/PII_pos_single_1_sim
5_fisher_mlines_with_regu_1e-08_0_005.pdf  used on input line 881.
(pdftex.def)             Requested size: 173.44534pt x 173.4405pt.
<../figures/v14/sim_5/logi_no_muco/1_sim5_logi_1e-08_0_005_1.pdf, id=1289, 867.
24pt x 578.16pt>
File: ../figures/v14/sim_5/logi_no_muco/1_sim5_logi_1e-08_0_005_1.pdf Graphic f
ile (type pdf)
<use ../figures/v14/sim_5/logi_no_muco/1_sim5_logi_1e-08_0_005_1.pdf>
Package pdftex.def Info: ../figures/v14/sim_5/logi_no_muco/1_sim5_logi_1e-08_0_
005_1.pdf  used on input line 893.
(pdftex.def)             Requested size: 260.17464pt x 117.07817pt.
 [34 <../figures/v14/sim_5/logi_no_muco/PII_pos_single_1_sim5_mlines_with_regu_
1e-08_0_005.pdf> <../figures/v14/sim_5/logi_no_muco/PII_pos_single_1_sim5_fishe
r_mlines_with_regu_1e-08_0_005.pdf

pdfTeX warning: /Library/TeX/texbin/pdflatex (file ../figures/v14/sim_5/logi_no
_muco/PII_pos_single_1_sim5_fisher_mlines_with_regu_1e-08_0_005.pdf): PDF inclu
sion: multiple pdfs with page group included in a single page
>]
<../figures/v14/sim_5/logi/PII_pos_single_1_sim5_mlines_with_regu_1e-08_0_005.p
df, id=1408, 722.7pt x 722.7pt>
File: ../figures/v14/sim_5/logi/PII_pos_single_1_sim5_mlines_with_regu_1e-08_0_
005.pdf Graphic file (type pdf)
<use ../figures/v14/sim_5/logi/PII_pos_single_1_sim5_mlines_with_regu_1e-08_0_0
05.pdf>
Package pdftex.def Info: ../figures/v14/sim_5/logi/PII_pos_single_1_sim5_mlines
_with_regu_1e-08_0_005.pdf  used on input line 911.
(pdftex.def)             Requested size: 173.44534pt x 173.4405pt.
<../figures/v14/sim_5/logi/PII_pos_single_1_sim5_fisher_mlines_with_regu_1e-08_
0_005.pdf, id=1409, 722.7pt x 722.7pt>
File: ../figures/v14/sim_5/logi/PII_pos_single_1_sim5_fisher_mlines_with_regu_1
e-08_0_005.pdf Graphic file (type pdf)
<use ../figures/v14/sim_5/logi/PII_pos_single_1_sim5_fisher_mlines_with_regu_1e
-08_0_005.pdf>
Package pdftex.def Info: ../figures/v14/sim_5/logi/PII_pos_single_1_sim5_fisher
_mlines_with_regu_1e-08_0_005.pdf  used on input line 912.
(pdftex.def)             Requested size: 173.44534pt x 173.4405pt.

Overfull \hbox (9.31525pt too wide) in paragraph at lines 907--922
\OT1/cmr/m/n/10.95 scal-ing with the in-verse of the es-ti-mated $\OT1/cmr/bx/n
/10.95 I\OT1/cmr/m/n/10.95 (\OML/cmm/b/it/10.95 ^^R[]\OT1/cmr/m/n/10.95 ) = \OM
L/cmm/m/it/10.95 E\OT1/cmr/m/n/10.95 [\OML/cmm/m/it/10.95 p\OT1/cmr/m/n/10.95 (
\OML/cmm/b/it/10.95 X\OML/cmm/m/it/10.95 ; \OML/cmm/b/it/10.95 ^^R[]\OT1/cmr/m/
n/10.95 )(1 \OMS/cmsy/m/n/10.95 ^^@ \OML/cmm/m/it/10.95 p\OT1/cmr/m/n/10.95 (\O
ML/cmm/b/it/10.95 X\OML/cmm/m/it/10.95 ; \OML/cmm/b/it/10.95 ^^R[]\OT1/cmr/m/n/
10.95 ))\OML/cmm/b/it/10.95 XX[]\OT1/cmr/m/n/10.95 ]^^A\OML/cmm/b/it/10.95 ^^R$
\OT1/cmr/m/n/10.95 ,
 []

<../figures/v14/sim_5/logi_small/PII_pos_single_1_sim5_mlines_with_regu_1e-08_0
_005.pdf, id=1413, 722.7pt x 722.7pt>
File: ../figures/v14/sim_5/logi_small/PII_pos_single_1_sim5_mlines_with_regu_1e
-08_0_005.pdf Graphic file (type pdf)
<use ../figures/v14/sim_5/logi_small/PII_pos_single_1_sim5_mlines_with_regu_1e-
08_0_005.pdf>
Package pdftex.def Info: ../figures/v14/sim_5/logi_small/PII_pos_single_1_sim5_
mlines_with_regu_1e-08_0_005.pdf  used on input line 928.
(pdftex.def)             Requested size: 173.44534pt x 173.4405pt.
<../figures/v14/sim_5/logi_small/PII_pos_single_1_sim5_fisher_mlines_with_regu_
1e-08_0_005.pdf, id=1414, 722.7pt x 722.7pt>
File: ../figures/v14/sim_5/logi_small/PII_pos_single_1_sim5_fisher_mlines_with_
regu_1e-08_0_005.pdf Graphic file (type pdf)
<use ../figures/v14/sim_5/logi_small/PII_pos_single_1_sim5_fisher_mlines_with_r
egu_1e-08_0_005.pdf>
Package pdftex.def Info: ../figures/v14/sim_5/logi_small/PII_pos_single_1_sim5_
fisher_mlines_with_regu_1e-08_0_005.pdf  used on input line 929.
(pdftex.def)             Requested size: 173.44534pt x 173.4405pt.
[35 <../figures/v14/sim_5/logi_no_muco/1_sim5_logi_1e-08_0_005_1.pdf>] [36 <../
figures/v14/sim_5/logi/PII_pos_single_1_sim5_mlines_with_regu_1e-08_0_005.pdf> 
<../figures/v14/sim_5/logi/PII_pos_single_1_sim5_fisher_mlines_with_regu_1e-08_
0_005.pdf

pdfTeX warning: /Library/TeX/texbin/pdflatex (file ../figures/v14/sim_5/logi/PI
I_pos_single_1_sim5_fisher_mlines_with_regu_1e-08_0_005.pdf): PDF inclusion: mu
ltiple pdfs with page group included in a single page
>]
<../figures/v14/sim_7/logi_small/PII_pos_single_1_sim7_mlines_with_regu_1e-08_0
_005.pdf, id=1590, 722.7pt x 722.7pt>
File: ../figures/v14/sim_7/logi_small/PII_pos_single_1_sim7_mlines_with_regu_1e
-08_0_005.pdf Graphic file (type pdf)
<use ../figures/v14/sim_7/logi_small/PII_pos_single_1_sim7_mlines_with_regu_1e-
08_0_005.pdf>
Package pdftex.def Info: ../figures/v14/sim_7/logi_small/PII_pos_single_1_sim7_
mlines_with_regu_1e-08_0_005.pdf  used on input line 946.
(pdftex.def)             Requested size: 173.44534pt x 173.4405pt.
<../figures/v14/sim_7/logi_small/PII_pos_single_1_sim7_fisher_mlines_with_regu_
1e-08_0_005.pdf, id=1591, 722.7pt x 722.7pt>
File: ../figures/v14/sim_7/logi_small/PII_pos_single_1_sim7_fisher_mlines_with_
regu_1e-08_0_005.pdf Graphic file (type pdf)
<use ../figures/v14/sim_7/logi_small/PII_pos_single_1_sim7_fisher_mlines_with_r
egu_1e-08_0_005.pdf>
Package pdftex.def Info: ../figures/v14/sim_7/logi_small/PII_pos_single_1_sim7_
fisher_mlines_with_regu_1e-08_0_005.pdf  used on input line 947.
(pdftex.def)             Requested size: 173.44534pt x 173.4405pt.
<../figures/v14/sim_7/logi_small/1_sim7_logi_1e-08_0_005_1.pdf, id=1592, 867.24
pt x 578.16pt>
File: ../figures/v14/sim_7/logi_small/1_sim7_logi_1e-08_0_005_1.pdf Graphic fil
e (type pdf)
<use ../figures/v14/sim_7/logi_small/1_sim7_logi_1e-08_0_005_1.pdf>
Package pdftex.def Info: ../figures/v14/sim_7/logi_small/1_sim7_logi_1e-08_0_00
5_1.pdf  used on input line 955.
(pdftex.def)             Requested size: 260.17464pt x 117.07817pt.
 [37 <../figures/v14/sim_5/logi_small/PII_pos_single_1_sim5_mlines_with_regu_1e
-08_0_005.pdf> <../figures/v14/sim_5/logi_small/PII_pos_single_1_sim5_fisher_ml
ines_with_regu_1e-08_0_005.pdf

pdfTeX warning: /Library/TeX/texbin/pdflatex (file ../figures/v14/sim_5/logi_sm
all/PII_pos_single_1_sim5_fisher_mlines_with_regu_1e-08_0_005.pdf): PDF inclusi
on: multiple pdfs with page group included in a single page
>] [38 <../figures/v14/sim_7/logi_small/1_sim7_logi_1e-08_0_005_1.pdf> <../figu
res/v14/sim_7/logi_small/PII_pos_single_1_sim7_mlines_with_regu_1e-08_0_005.pdf


pdfTeX warning: /Library/TeX/texbin/pdflatex (file ../figures/v14/sim_7/logi_sm
all/PII_pos_single_1_sim7_mlines_with_regu_1e-08_0_005.pdf): PDF inclusion: mul
tiple pdfs with page group included in a single page
> <../figures/v14/sim_7/logi_small/PII_pos_single_1_sim7_fisher_mlines_with_reg
u_1e-08_0_005.pdf

pdfTeX warning: /Library/TeX/texbin/pdflatex (file ../figures/v14/sim_7/logi_sm
all/PII_pos_single_1_sim7_fisher_mlines_with_regu_1e-08_0_005.pdf): PDF inclusi
on: multiple pdfs with page group included in a single page
>]
<../figures/v14/credit_default/logi_scal_train_PI/credit_logi_1e-08_0_0001_0_00
1_99_0.pdf, id=1876, 867.24pt x 578.16pt>
File: ../figures/v14/credit_default/logi_scal_train_PI/credit_logi_1e-08_0_0001
_0_001_99_0.pdf Graphic file (type pdf)
<use ../figures/v14/credit_default/logi_scal_train_PI/credit_logi_1e-08_0_0001_
0_001_99_0.pdf>
Package pdftex.def Info: ../figures/v14/credit_default/logi_scal_train_PI/credi
t_logi_1e-08_0_0001_0_001_99_0.pdf  used on input line 975.
(pdftex.def)             Requested size: 212.47617pt x 95.61096pt.
<../figures/v14/credit_default/logi_nnet_scal_train_PI/credit_logi_0_001_0_0001
_0_001_99_0.pdf, id=1878, 867.24pt x 578.16pt>
File: ../figures/v14/credit_default/logi_nnet_scal_train_PI/credit_logi_0_001_0
_0001_0_001_99_0.pdf Graphic file (type pdf)
<use ../figures/v14/credit_default/logi_nnet_scal_train_PI/credit_logi_0_001_0_
0001_0_001_99_0.pdf>
Package pdftex.def Info: ../figures/v14/credit_default/logi_nnet_scal_train_PI/
credit_logi_0_001_0_0001_0_001_99_0.pdf  used on input line 978.
(pdftex.def)             Requested size: 212.47617pt x 95.61096pt.

Underfull \vbox (badness 3930) has occurred while \output is active []

 [39]
<../figures/v14/credit_default/logi_scal_train_PI/PII_pos_single_credit_mlines_
with_regu_1e-08_0_0001_0_001_99_0.pdf, id=1889, 722.7pt x 903.375pt>
File: ../figures/v14/credit_default/logi_scal_train_PI/PII_pos_single_credit_ml
ines_with_regu_1e-08_0_0001_0_001_99_0.pdf Graphic file (type pdf)
<use ../figures/v14/credit_default/logi_scal_train_PI/PII_pos_single_credit_mli
nes_with_regu_1e-08_0_0001_0_001_99_0.pdf>
Package pdftex.def Info: ../figures/v14/credit_default/logi_scal_train_PI/PII_p
os_single_credit_mlines_with_regu_1e-08_0_0001_0_001_99_0.pdf  used on input li
ne 996.
(pdftex.def)             Requested size: 208.13574pt x 260.16629pt.
<../figures/v14/credit_default/logi_scal_train_PI/PII_pos_single_credit_fisher_
mlines_with_regu_1e-08_0_0001_0_001_99_0.pdf, id=1890, 722.7pt x 903.375pt>
File: ../figures/v14/credit_default/logi_scal_train_PI/PII_pos_single_credit_fi
sher_mlines_with_regu_1e-08_0_0001_0_001_99_0.pdf Graphic file (type pdf)
<use ../figures/v14/credit_default/logi_scal_train_PI/PII_pos_single_credit_fis
her_mlines_with_regu_1e-08_0_0001_0_001_99_0.pdf>
Package pdftex.def Info: ../figures/v14/credit_default/logi_scal_train_PI/PII_p
os_single_credit_fisher_mlines_with_regu_1e-08_0_0001_0_001_99_0.pdf  used on i
nput line 997.
(pdftex.def)             Requested size: 208.13574pt x 260.16629pt.

[40 <../figures/v14/credit_default/logi_scal_train_PI/credit_logi_1e-08_0_0001_
0_001_99_0.pdf> <../figures/v14/credit_default/logi_nnet_scal_train_PI/credit_l
ogi_0_001_0_0001_0_001_99_0.pdf>] [41 <../figures/v14/credit_default/logi_scal_
train_PI/PII_pos_single_credit_mlines_with_regu_1e-08_0_0001_0_001_99_0.pdf> <.
./figures/v14/credit_default/logi_scal_train_PI/PII_pos_single_credit_fisher_ml
ines_with_regu_1e-08_0_0001_0_001_99_0.pdf

pdfTeX warning: /Library/TeX/texbin/pdflatex (file ../figures/v14/credit_defaul
t/logi_scal_train_PI/PII_pos_single_credit_fisher_mlines_with_regu_1e-08_0_0001
_0_001_99_0.pdf): PDF inclusion: multiple pdfs with page group included in a si
ngle page
>]
<../figures/v14/bike_sharing/reg_scal_train/bike_reg_1e-08_0_0001_0_005_99_0.pd
f, id=2116, 867.24pt x 578.16pt>
File: ../figures/v14/bike_sharing/reg_scal_train/bike_reg_1e-08_0_0001_0_005_99
_0.pdf Graphic file (type pdf)
<use ../figures/v14/bike_sharing/reg_scal_train/bike_reg_1e-08_0_0001_0_005_99_
0.pdf>
Package pdftex.def Info: ../figures/v14/bike_sharing/reg_scal_train/bike_reg_1e
-08_0_0001_0_005_99_0.pdf  used on input line 1011.
(pdftex.def)             Requested size: 212.47617pt x 95.61096pt.
<../figures/v14/bike_sharing/reg_nnet_scal_train/bike_reg_0_1_0_0001_0_005_99_0
.pdf, id=2118, 867.24pt x 578.16pt>
File: ../figures/v14/bike_sharing/reg_nnet_scal_train/bike_reg_0_1_0_0001_0_005
_99_0.pdf Graphic file (type pdf)
<use ../figures/v14/bike_sharing/reg_nnet_scal_train/bike_reg_0_1_0_0001_0_005_
99_0.pdf>
Package pdftex.def Info: ../figures/v14/bike_sharing/reg_nnet_scal_train/bike_r
eg_0_1_0_0001_0_005_99_0.pdf  used on input line 1012.
(pdftex.def)             Requested size: 212.47617pt x 95.61096pt.
<../figures/v14/bike_sharing/reg_scal_train/PII_pos_single_bike_mlines_with_reg
u_1e-08_0_0001_0_005_99_0.pdf, id=2122, 722.7pt x 903.375pt>
File: ../figures/v14/bike_sharing/reg_scal_train/PII_pos_single_bike_mlines_wit
h_regu_1e-08_0_0001_0_005_99_0.pdf Graphic file (type pdf)
<use ../figures/v14/bike_sharing/reg_scal_train/PII_pos_single_bike_mlines_with
_regu_1e-08_0_0001_0_005_99_0.pdf>
Package pdftex.def Info: ../figures/v14/bike_sharing/reg_scal_train/PII_pos_sin
gle_bike_mlines_with_regu_1e-08_0_0001_0_005_99_0.pdf  used on input line 1028.

(pdftex.def)             Requested size: 208.13574pt x 260.16629pt.
<../figures/v14/bike_sharing/reg_scal_train/PII_pos_single_bike_fisher_mlines_w
ith_regu_1e-08_0_0001_0_005_99_0.pdf, id=2123, 722.7pt x 903.375pt>
File: ../figures/v14/bike_sharing/reg_scal_train/PII_pos_single_bike_fisher_mli
nes_with_regu_1e-08_0_0001_0_005_99_0.pdf Graphic file (type pdf)
<use ../figures/v14/bike_sharing/reg_scal_train/PII_pos_single_bike_fisher_mlin
es_with_regu_1e-08_0_0001_0_005_99_0.pdf>
Package pdftex.def Info: ../figures/v14/bike_sharing/reg_scal_train/PII_pos_sin
gle_bike_fisher_mlines_with_regu_1e-08_0_0001_0_005_99_0.pdf  used on input lin
e 1029.
(pdftex.def)             Requested size: 208.13574pt x 260.16629pt.
<../figures/v14/bike_sharing/reg_norm_scal_train/bike_reg_1e-08_0_0001_0_005_99
_0.pdf, id=2127, 867.24pt x 578.16pt>
File: ../figures/v14/bike_sharing/reg_norm_scal_train/bike_reg_1e-08_0_0001_0_0
05_99_0.pdf Graphic file (type pdf)
<use ../figures/v14/bike_sharing/reg_norm_scal_train/bike_reg_1e-08_0_0001_0_00
5_99_0.pdf>
Package pdftex.def Info: ../figures/v14/bike_sharing/reg_norm_scal_train/bike_r
eg_1e-08_0_0001_0_005_99_0.pdf  used on input line 1042.
(pdftex.def)             Requested size: 212.47617pt x 95.61096pt.
<../figures/v14/bike_sharing/reg_norm_nnet_scal_train/bike_reg_0_1_0_0001_0_005
_99_0.pdf, id=2129, 867.24pt x 578.16pt>
File: ../figures/v14/bike_sharing/reg_norm_nnet_scal_train/bike_reg_0_1_0_0001_
0_005_99_0.pdf Graphic file (type pdf)
<use ../figures/v14/bike_sharing/reg_norm_nnet_scal_train/bike_reg_0_1_0_0001_0
_005_99_0.pdf>
Package pdftex.def Info: ../figures/v14/bike_sharing/reg_norm_nnet_scal_train/b
ike_reg_0_1_0_0001_0_005_99_0.pdf  used on input line 1043.
(pdftex.def)             Requested size: 212.47617pt x 95.61096pt.

Underfull \vbox (badness 2150) has occurred while \output is active []

 [42 <../figures/v14/bike_sharing/reg_scal_train/bike_reg_1e-08_0_0001_0_005_99
_0.pdf> <../figures/v14/bike_sharing/reg_nnet_scal_train/bike_reg_0_1_0_0001_0_
005_99_0.pdf>] [43 <../figures/v14/bike_sharing/reg_scal_train/PII_pos_single_b
ike_mlines_with_regu_1e-08_0_0001_0_005_99_0.pdf> <../figures/v14/bike_sharing/
reg_scal_train/PII_pos_single_bike_fisher_mlines_with_regu_1e-08_0_0001_0_005_9
9_0.pdf

pdfTeX warning: /Library/TeX/texbin/pdflatex (file ../figures/v14/bike_sharing/
reg_scal_train/PII_pos_single_bike_fisher_mlines_with_regu_1e-08_0_0001_0_005_9
9_0.pdf): PDF inclusion: multiple pdfs with page group included in a single pag
e
>]
<../figures/v14/bike_sharing/reg_norm_scal_train/PII_neg_single_bike_mlines_wit
h_regu_1e-08_0_0001_0_005_99_0.pdf, id=2351, 722.7pt x 903.375pt>
File: ../figures/v14/bike_sharing/reg_norm_scal_train/PII_neg_single_bike_mline
s_with_regu_1e-08_0_0001_0_005_99_0.pdf Graphic file (type pdf)
<use ../figures/v14/bike_sharing/reg_norm_scal_train/PII_neg_single_bike_mlines
_with_regu_1e-08_0_0001_0_005_99_0.pdf>
Package pdftex.def Info: ../figures/v14/bike_sharing/reg_norm_scal_train/PII_ne
g_single_bike_mlines_with_regu_1e-08_0_0001_0_005_99_0.pdf  used on input line 
1057.
(pdftex.def)             Requested size: 208.13574pt x 260.16629pt.
<../figures/v14/bike_sharing/reg_norm_scal_train/PII_neg_single_bike_fisher_mli
nes_with_regu_1e-08_0_0001_0_005_99_0.pdf, id=2352, 722.7pt x 903.375pt>
File: ../figures/v14/bike_sharing/reg_norm_scal_train/PII_neg_single_bike_fishe
r_mlines_with_regu_1e-08_0_0001_0_005_99_0.pdf Graphic file (type pdf)
<use ../figures/v14/bike_sharing/reg_norm_scal_train/PII_neg_single_bike_fisher
_mlines_with_regu_1e-08_0_0001_0_005_99_0.pdf>
Package pdftex.def Info: ../figures/v14/bike_sharing/reg_norm_scal_train/PII_ne
g_single_bike_fisher_mlines_with_regu_1e-08_0_0001_0_005_99_0.pdf  used on inpu
t line 1058.
(pdftex.def)             Requested size: 208.13574pt x 260.16629pt.
 [44 <../figures/v14/bike_sharing/reg_norm_scal_train/bike_reg_1e-08_0_0001_0_0
05_99_0.pdf> <../figures/v14/bike_sharing/reg_norm_nnet_scal_train/bike_reg_0_1
_0_0001_0_005_99_0.pdf>] [45 <../figures/v14/bike_sharing/reg_norm_scal_train/P
II_neg_single_bike_mlines_with_regu_1e-08_0_0001_0_005_99_0.pdf> <../figures/v1
4/bike_sharing/reg_norm_scal_train/PII_neg_single_bike_fisher_mlines_with_regu_
1e-08_0_0001_0_005_99_0.pdf

pdfTeX warning: /Library/TeX/texbin/pdflatex (file ../figures/v14/bike_sharing/
reg_norm_scal_train/PII_neg_single_bike_fisher_mlines_with_regu_1e-08_0_0001_0_
005_99_0.pdf): PDF inclusion: multiple pdfs with page group included in a singl
e page
>] (./main_v14.bbl [46] [47] [48]) [49]
\Changes@OutFile=\write5
\openout5 = `main_v14.soc'.

\tf@loc=\write6
\openout6 = `main_v14.loc'.

 [50]
Package atveryend Info: Empty hook `BeforeClearDocument' on input line 1179.
Package atveryend Info: Empty hook `AfterLastShipout' on input line 1179.
 (./main_v14.aux)
Package atveryend Info: Executing hook `AtVeryEndDocument' on input line 1179.
Package atveryend Info: Executing hook `AtEndAfterFileList' on input line 1179.

Package rerunfilecheck Info: File `main_v14.out' has not changed.
(rerunfilecheck)             Checksum: 30EDCACA64EFAE0B6223E9294BAA2ADC;2136.


LaTeX Warning: Label(s) may have changed. Rerun to get cross-references right.

Package atveryend Info: Empty hook `AtVeryVeryEnd' on input line 1179.
 ) 
Here is how much of TeX's memory you used:
 20355 strings out of 492616
 391753 string characters out of 6129482
 518683 words of memory out of 5000000
 23652 multiletter control sequences out of 15000+600000
 20758 words of font info for 77 fonts, out of 8000000 for 9000
 1141 hyphenation exceptions out of 8191
 76i,15n,85p,3044b,997s stack positions out of 5000i,500n,10000p,200000b,80000s
pdfTeX warning (dest): name{Hfootnote.8} has been referenced but does not exi
st, replaced by a fixed one

pdfTeX warning (dest): name{Hfootnote.7} has been referenced but does not exist
, replaced by a fixed one

pdfTeX warning (dest): name{Hfootnote.6} has been referenced but does not exist
, replaced by a fixed one

pdfTeX warning (dest): name{Hfootnote.5} has been referenced but does not exist
, replaced by a fixed one

pdfTeX warning (dest): name{Hfootnote.4} has been referenced but does not exist
, replaced by a fixed one

pdfTeX warning (dest): name{Hfootnote.3} has been referenced but does not exist
, replaced by a fixed one

pdfTeX warning (dest): name{Hfootnote.2} has been referenced but does not exist
, replaced by a fixed one

pdfTeX warning (dest): name{Hfootnote.1} has been referenced but does not exist
, replaced by a fixed one

</usr/local/texlive/2019/texmf-dist/fonts/type1/public/amsfonts/cm/cmbx10.pfb><
/usr/local/texlive/2019/texmf-dist/fonts/type1/public/amsfonts/cm/cmbx12.pfb></
usr/local/texlive/2019/texmf-dist/fonts/type1/public/amsfonts/cm/cmcsc10.pfb></
usr/local/texlive/2019/texmf-dist/fonts/type1/public/amsfonts/cm/cmex10.pfb></u
sr/local/texlive/2019/texmf-dist/fonts/type1/public/amsfonts/cm/cmmi10.pfb></us
r/local/texlive/2019/texmf-dist/fonts/type1/public/amsfonts/cm/cmmi6.pfb></usr/
local/texlive/2019/texmf-dist/fonts/type1/public/amsfonts/cm/cmmi8.pfb></usr/lo
cal/texlive/2019/texmf-dist/fonts/type1/public/amsfonts/cm/cmmi9.pfb></usr/loca
l/texlive/2019/texmf-dist/fonts/type1/public/amsfonts/cm/cmmib10.pfb></usr/loca
l/texlive/2019/texmf-dist/fonts/type1/public/amsfonts/cmextra/cmmib8.pfb></usr/
local/texlive/2019/texmf-dist/fonts/type1/public/amsfonts/cmextra/cmmib9.pfb></
usr/local/texlive/2019/texmf-dist/fonts/type1/public/amsfonts/cm/cmr10.pfb></us
r/local/texlive/2019/texmf-dist/fonts/type1/public/amsfonts/cm/cmr6.pfb></usr/l
ocal/texlive/2019/texmf-dist/fonts/type1/public/amsfonts/cm/cmr7.pfb></usr/loca
l/texlive/2019/texmf-dist/fonts/type1/public/amsfonts/cm/cmr8.pfb></usr/local/t
exlive/2019/texmf-dist/fonts/type1/public/amsfonts/cm/cmr9.pfb></usr/local/texl
ive/2019/texmf-dist/fonts/type1/public/amsfonts/cm/cmsy10.pfb></usr/local/texli
ve/2019/texmf-dist/fonts/type1/public/amsfonts/cm/cmsy8.pfb></usr/local/texlive
/2019/texmf-dist/fonts/type1/public/amsfonts/cm/cmsy9.pfb></usr/local/texlive/2
019/texmf-dist/fonts/type1/public/amsfonts/cm/cmti10.pfb></usr/local/texlive/20
19/texmf-dist/fonts/type1/public/amsfonts/cm/cmtt8.pfb></usr/local/texlive/2019
/texmf-dist/fonts/type1/public/amsfonts/symbols/msbm10.pfb>
Output written on main_v14.pdf (50 pages, 15448188 bytes).
PDF statistics:
 2724 PDF objects out of 2984 (max. 8388607)
 1058 compressed objects within 11 object streams
 175 named destinations out of 1000 (max. 500000)
 581 words of extra memory for PDF output out of 10000 (max. 10000000)

